<?xml version="1.0" encoding="UTF-8"?>
<!-- Generated by org.testng.reporters.JUnitReportReporter -->
<testsuite skipped="0" hostname="DESKTOP-7M67OUT" name="tests.UserRegistrationTestWithDDTAndExcel" tests="2" failures="0" timestamp="2020-08-05T21:51:14 EET" time="17.792" errors="0">
  <testcase name="UserCanRegisterSuccessfully" time="11.823" classname="tests.UserRegistrationTestWithDDTAndExcel"/>
  <system-out/>
  <testcase name="AssertTheProductValue" time="5.969" classname="tests.UserRegistrationTestWithDDTAndExcel"/>
  <system-out/>
</testsuite> <!-- tests.UserRegistrationTestWithDDTAndExcel -->
