<?xml version="1.0" encoding="UTF-8"?>
<!-- Generated by org.testng.reporters.JUnitReportReporter -->
<testsuite skipped="0" hostname="DESKTOP-7M67OUT" name="com.practice.SeleniumTest.regression.MyTest" tests="1" failures="0" timestamp="2020-07-26T11:12:34 EET" time="6.213" errors="0">
  <testcase name="test_01" time="6.213" classname="com.practice.SeleniumTest.regression.MyTest"/>
  <system-out/>
</testsuite> <!-- com.practice.SeleniumTest.regression.MyTest -->
