<?xml version="1.0" encoding="UTF-8"?>
<!-- Generated by org.testng.reporters.JUnitReportReporter -->
<testsuite skipped="0" hostname="DESKTOP-7M67OUT" name="tests.UserRegistrationTestWithDDTAndExcel" tests="2" failures="0" timestamp="2020-08-03T23:23:38 EET" time="9.223" errors="0">
  <testcase name="UserCanRegisterSuccessfully" time="3.491" classname="tests.UserRegistrationTestWithDDTAndExcel"/>
  <system-out/>
  <testcase name="AssertTheProductValue" time="5.732" classname="tests.UserRegistrationTestWithDDTAndExcel"/>
  <system-out/>
</testsuite> <!-- tests.UserRegistrationTestWithDDTAndExcel -->
